[debug] [2024-01-31T07:33:12.207Z] ----------------------------------------------------------------------
[debug] [2024-01-31T07:33:12.210Z] Command:       C:\Program Files\nodejs\node.exe C:\Users\jithi\AppData\Roaming\npm\node_modules\firebase-tools\lib\bin\firebase.js init
[debug] [2024-01-31T07:33:12.211Z] CLI Version:   13.1.0
[debug] [2024-01-31T07:33:12.211Z] Platform:      win32
[debug] [2024-01-31T07:33:12.211Z] Node Version:  v18.16.0
[debug] [2024-01-31T07:33:12.213Z] Time:          Wed Jan 31 2024 13:03:12 GMT+0530 (India Standard Time)
[debug] [2024-01-31T07:33:12.213Z] ----------------------------------------------------------------------
[debug] 
[debug] [2024-01-31T07:33:12.218Z] >>> [apiv2][query] GET https://firebase-public.firebaseio.com/cli.json [none]
[debug] [2024-01-31T07:33:12.290Z] > command requires scopes: ["email","openid","https://www.googleapis.com/auth/cloudplatformprojects.readonly","https://www.googleapis.com/auth/firebase","https://www.googleapis.com/auth/cloud-platform"]
[debug] [2024-01-31T07:33:12.291Z] > authorizing via signed-in user (jithindev317@gmail.com)
[info] 
     ######## #### ########  ######## ########     ###     ######  ########
     ##        ##  ##     ## ##       ##     ##  ##   ##  ##       ##
     ######    ##  ########  ######   ########  #########  ######  ######
     ##        ##  ##    ##  ##       ##     ## ##     ##       ## ##
     ##       #### ##     ## ######## ########  ##     ##  ######  ########

You're about to initialize a Firebase project in this directory:

  C:\Users\jithi\OneDrive\Desktop\Programs\React\Marvel API Project\marvel-chronicles

[debug] [2024-01-31T07:33:14.906Z] <<< [apiv2][status] GET https://firebase-public.firebaseio.com/cli.json 200
[debug] [2024-01-31T07:33:14.907Z] <<< [apiv2][body] GET https://firebase-public.firebaseio.com/cli.json {"cloudBuildErrorAfter":1594252800000,"cloudBuildWarnAfter":1590019200000,"defaultNode10After":1594252800000,"minVersion":"3.0.5","node8DeploysDisabledAfter":1613390400000,"node8RuntimeDisabledAfter":1615809600000,"node8WarnAfter":1600128000000}
